[26-Nov-2015 20:20:38 UTC] PHP Warning:  call_user_func_array() expects parameter 1 to be a valid callback, function 'preview_theme' not found or invalid function name in /home/ubuntu/workspace/wp-includes/plugin.php on line 503
[26-Nov-2015 20:20:38 UTC] PHP Stack trace:
[26-Nov-2015 20:20:38 UTC] PHP   1. {main}() /home/ubuntu/workspace/wp-admin/admin-ajax.php:0
[26-Nov-2015 20:20:38 UTC] PHP   2. require_once() /home/ubuntu/workspace/wp-admin/admin-ajax.php:22
[26-Nov-2015 20:20:38 UTC] PHP   3. require_once() /home/ubuntu/workspace/wp-load.php:37
[26-Nov-2015 20:20:38 UTC] PHP   4. require_once() /home/ubuntu/workspace/wp-config.php:92
[26-Nov-2015 20:20:38 UTC] PHP   5. do_action() /home/ubuntu/workspace/wp-settings.php:300
[26-Nov-2015 20:20:38 UTC] PHP   6. call_user_func_array:{/home/ubuntu/workspace/wp-includes/plugin.php:503}() /home/ubuntu/workspace/wp-includes/plugin.php:503
[26-Nov-2015 20:24:04 UTC] PHP Warning:  call_user_func_array() expects parameter 1 to be a valid callback, function 'wp_site_icon' not found or invalid function name in /home/ubuntu/workspace/wp-includes/plugin.php on line 496
[26-Nov-2015 20:24:04 UTC] PHP Stack trace:
[26-Nov-2015 20:24:04 UTC] PHP   1. {main}() /home/ubuntu/workspace/wp-admin/index.php:0
[26-Nov-2015 20:24:04 UTC] PHP   2. include() /home/ubuntu/workspace/wp-admin/index.php:92
[26-Nov-2015 20:24:04 UTC] PHP   3. do_action() /home/ubuntu/workspace/wp-admin/admin-header.php:137
[26-Nov-2015 20:24:04 UTC] PHP   4. call_user_func_array:{/home/ubuntu/workspace/wp-includes/plugin.php:496}() /home/ubuntu/workspace/wp-includes/plugin.php:496
[26-Nov-2015 20:24:57 UTC] PHP Warning:  call_user_func_array() expects parameter 1 to be a valid callback, function 'wp_site_icon' not found or invalid function name in /home/ubuntu/workspace/wp-includes/plugin.php on line 496
[26-Nov-2015 20:24:57 UTC] PHP Stack trace:
[26-Nov-2015 20:24:57 UTC] PHP   1. {main}() /home/ubuntu/workspace/wp-admin/themes.php:0
[26-Nov-2015 20:24:57 UTC] PHP   2. require_once() /home/ubuntu/workspace/wp-admin/themes.php:123
[26-Nov-2015 20:24:57 UTC] PHP   3. do_action($tag = *uninitialized*, $arg = *uninitialized*) /home/ubuntu/workspace/wp-admin/admin-header.php:137
[26-Nov-2015 20:24:57 UTC] PHP   4. call_user_func_array:{/home/ubuntu/workspace/wp-includes/plugin.php:496}(*uninitialized*, *uninitialized*) /home/ubuntu/workspace/wp-includes/plugin.php:496
[26-Nov-2015 20:25:07 UTC] PHP Warning:  call_user_func_array() expects parameter 1 to be a valid callback, function 'wp_site_icon' not found or invalid function name in /home/ubuntu/workspace/wp-includes/plugin.php on line 496
[26-Nov-2015 20:25:07 UTC] PHP Stack trace:
[26-Nov-2015 20:25:07 UTC] PHP   1. {main}() /home/ubuntu/workspace/wp-admin/themes.php:0
[26-Nov-2015 20:25:07 UTC] PHP   2. require_once() /home/ubuntu/workspace/wp-admin/themes.php:123
[26-Nov-2015 20:25:07 UTC] PHP   3. do_action($tag = *uninitialized*, $arg = *uninitialized*) /home/ubuntu/workspace/wp-admin/admin-header.php:137
[26-Nov-2015 20:25:07 UTC] PHP   4. call_user_func_array:{/home/ubuntu/workspace/wp-includes/plugin.php:496}(*uninitialized*, *uninitialized*) /home/ubuntu/workspace/wp-includes/plugin.php:496
[26-Nov-2015 20:25:26 UTC] PHP Warning:  call_user_func_array() expects parameter 1 to be a valid callback, function 'wp_site_icon' not found or invalid function name in /home/ubuntu/workspace/wp-includes/plugin.php on line 496
[26-Nov-2015 20:25:26 UTC] PHP Stack trace:
[26-Nov-2015 20:25:26 UTC] PHP   1. {main}() /home/ubuntu/workspace/wp-admin/index.php:0
[26-Nov-2015 20:25:26 UTC] PHP   2. include() /home/ubuntu/workspace/wp-admin/index.php:92
[26-Nov-2015 20:25:26 UTC] PHP   3. do_action($tag = *uninitialized*, $arg = *uninitialized*) /home/ubuntu/workspace/wp-admin/admin-header.php:137
[26-Nov-2015 20:25:26 UTC] PHP   4. call_user_func_array:{/home/ubuntu/workspace/wp-includes/plugin.php:496}(*uninitialized*, *uninitialized*) /home/ubuntu/workspace/wp-includes/plugin.php:496
[26-Nov-2015 20:25:26 UTC] PHP Warning:  call_user_func_array() expects parameter 1 to be a valid callback, function 'wp_site_icon' not found or invalid function name in /home/ubuntu/workspace/wp-includes/plugin.php on line 496
[26-Nov-2015 20:25:26 UTC] PHP Stack trace:
[26-Nov-2015 20:25:26 UTC] PHP   1. {main}() /home/ubuntu/workspace/wp-admin/index.php:0
[26-Nov-2015 20:25:26 UTC] PHP   2. include() /home/ubuntu/workspace/wp-admin/index.php:92
[26-Nov-2015 20:25:26 UTC] PHP   3. do_action($tag = *uninitialized*, $arg = *uninitialized*) /home/ubuntu/workspace/wp-admin/admin-header.php:137
[26-Nov-2015 20:25:26 UTC] PHP   4. call_user_func_array:{/home/ubuntu/workspace/wp-includes/plugin.php:496}(*uninitialized*, *uninitialized*) /home/ubuntu/workspace/wp-includes/plugin.php:496
[26-Nov-2015 21:22:26 UTC] PHP Warning:  Ein unerwarteter Fehler ist aufgetreten. Das könnte an WordPress.org oder der Konfiguration dieses Servers liegen. Solltest du weiterhin Probleme haben, wende dich an den <a href="https://de.wordpress.org/hilfe/">Support</a>. (WordPress konnte keine sichere Verbindung zu WordPress.org herstellen. Bitte kontaktiere deinen Server-Administrator.) in /home/ubuntu/workspace/wp-admin/includes/translation-install.php on line 59
[26-Nov-2015 21:22:26 UTC] PHP Stack trace:
[26-Nov-2015 21:22:26 UTC] PHP   1. {main}() /home/ubuntu/workspace/wp-admin/options-general.php:0
[26-Nov-2015 21:22:26 UTC] PHP   2. wp_get_available_translations() /home/ubuntu/workspace/wp-admin/options-general.php:337
[26-Nov-2015 21:22:26 UTC] PHP   3. translations_api() /home/ubuntu/workspace/wp-admin/includes/translation-install.php:103
[26-Nov-2015 21:22:26 UTC] PHP   4. trigger_error() /home/ubuntu/workspace/wp-admin/includes/translation-install.php:59
[26-Nov-2015 21:22:33 UTC] PHP Warning:  Ein unerwarteter Fehler ist aufgetreten. Das könnte an WordPress.org oder der Konfiguration dieses Servers liegen. Solltest du weiterhin Probleme haben, wende dich an den <a href="https://de.wordpress.org/hilfe/">Support</a>. (WordPress konnte keine sichere Verbindung zu WordPress.org herstellen. Bitte kontaktiere deinen Server-Administrator.) in /home/ubuntu/workspace/wp-admin/includes/translation-install.php on line 59
[26-Nov-2015 21:22:33 UTC] PHP Stack trace:
[26-Nov-2015 21:22:33 UTC] PHP   1. {main}() /home/ubuntu/workspace/wp-admin/options-general.php:0
[26-Nov-2015 21:22:33 UTC] PHP   2. wp_get_available_translations() /home/ubuntu/workspace/wp-admin/options-general.php:337
[26-Nov-2015 21:22:33 UTC] PHP   3. translations_api() /home/ubuntu/workspace/wp-admin/includes/translation-install.php:103
[26-Nov-2015 21:22:33 UTC] PHP   4. trigger_error() /home/ubuntu/workspace/wp-admin/includes/translation-install.php:59
[26-Nov-2015 21:22:36 UTC] PHP Warning:  Ein unerwarteter Fehler ist aufgetreten. Das könnte an WordPress.org oder der Konfiguration dieses Servers liegen. Solltest du weiterhin Probleme haben, wende dich an den <a href="https://de.wordpress.org/hilfe/">Support</a>. (WordPress konnte keine sichere Verbindung zu WordPress.org herstellen. Bitte kontaktiere deinen Server-Administrator.) in /home/ubuntu/workspace/wp-admin/includes/translation-install.php on line 59
[26-Nov-2015 21:22:36 UTC] PHP Stack trace:
[26-Nov-2015 21:22:36 UTC] PHP   1. {main}() /home/ubuntu/workspace/wp-admin/options-general.php:0
[26-Nov-2015 21:22:36 UTC] PHP   2. wp_dropdown_languages() /home/ubuntu/workspace/wp-admin/options-general.php:359
[26-Nov-2015 21:22:36 UTC] PHP   3. wp_get_available_translations() /home/ubuntu/workspace/wp-includes/l10n.php:889
[26-Nov-2015 21:22:36 UTC] PHP   4. translations_api() /home/ubuntu/workspace/wp-admin/includes/translation-install.php:103
[26-Nov-2015 21:22:36 UTC] PHP   5. trigger_error() /home/ubuntu/workspace/wp-admin/includes/translation-install.php:59
[26-Nov-2015 21:22:43 UTC] PHP Warning:  Ein unerwarteter Fehler ist aufgetreten. Das könnte an WordPress.org oder der Konfiguration dieses Servers liegen. Solltest du weiterhin Probleme haben, wende dich an den <a href="https://de.wordpress.org/hilfe/">Support</a>. (WordPress konnte keine sichere Verbindung zu WordPress.org herstellen. Bitte kontaktiere deinen Server-Administrator.) in /home/ubuntu/workspace/wp-admin/includes/translation-install.php on line 59
[26-Nov-2015 21:22:43 UTC] PHP Stack trace:
[26-Nov-2015 21:22:43 UTC] PHP   1. {main}() /home/ubuntu/workspace/wp-admin/options-general.php:0
[26-Nov-2015 21:22:43 UTC] PHP   2. wp_dropdown_languages() /home/ubuntu/workspace/wp-admin/options-general.php:359
[26-Nov-2015 21:22:43 UTC] PHP   3. wp_get_available_translations() /home/ubuntu/workspace/wp-includes/l10n.php:889
[26-Nov-2015 21:22:43 UTC] PHP   4. translations_api() /home/ubuntu/workspace/wp-admin/includes/translation-install.php:103
[26-Nov-2015 21:22:43 UTC] PHP   5. trigger_error() /home/ubuntu/workspace/wp-admin/includes/translation-install.php:59
[27-Nov-2015 21:34:09 UTC] PHP Warning:  date_diff() expects parameter 1 to be DateTimeInterface, boolean given in /home/ubuntu/workspace/wp-content/themes/marchaller/functions.php on line 235
[27-Nov-2015 21:34:09 UTC] PHP Stack trace:
[27-Nov-2015 21:34:09 UTC] PHP   1. {main}() /home/ubuntu/workspace/wp-admin/post-new.php:0
[27-Nov-2015 21:34:09 UTC] PHP   2. get_default_post_to_edit($post_type = *uninitialized*, $create_in_db = *uninitialized*) /home/ubuntu/workspace/wp-admin/post-new.php:73
[27-Nov-2015 21:34:09 UTC] PHP   3. wp_insert_post($postarr = *uninitialized*, $wp_error = *uninitialized*) /home/ubuntu/workspace/wp-admin/includes/post.php:593
[27-Nov-2015 21:34:09 UTC] PHP   4. do_action($tag = *uninitialized*, $arg = *uninitialized*, *uninitialized*, *uninitialized*) /home/ubuntu/workspace/wp-includes/post.php:3542
[27-Nov-2015 21:34:09 UTC] PHP   5. call_user_func_array:{/home/ubuntu/workspace/wp-includes/plugin.php:496}(*uninitialized*, *uninitialized*) /home/ubuntu/workspace/wp-includes/plugin.php:496
[27-Nov-2015 21:34:09 UTC] PHP   6. mh_termine_title($post_id = *uninitialized*) /home/ubuntu/workspace/wp-includes/plugin.php:496
[27-Nov-2015 21:34:09 UTC] PHP   7. date_diff(*uninitialized*, *uninitialized*) /home/ubuntu/workspace/wp-content/themes/marchaller/functions.php:235
